
Showing logs for build [32mcb-kubecd-environment-pr-193-33-k2z62-1[0m stage [32mfrom-build-pack[0m and container [32mstep-credential-initializer-cjczw[0m
{"level":"warn","ts":1585896320.9625633,"logger":"fallback-logger","caller":"logging/config.go:69","msg":"Fetch GitHub commit ID from kodata failed: \"ref: refs/heads/0.8.0-**-support-backwards-incompats\" is not a valid GitHub commit ID"}
{"level":"info","ts":1585896320.9635031,"logger":"fallback-logger","caller":"creds-init/main.go:40","msg":"Credentials initialized."}

Showing logs for build [32mcb-kubecd-environment-pr-193-33-k2z62-1[0m stage [32mfrom-build-pack[0m and container [32mstep-working-dir-initializer-shkgj[0m
{"level":"warn","ts":1585896322.0542731,"logger":"fallback-logger","caller":"logging/config.go:69","msg":"Fetch GitHub commit ID from kodata failed: open /var/run/ko/HEAD: no such file or directory"}
{"level":"info","ts":1585896322.0587273,"logger":"fallback-logger","caller":"bash/main.go:64","msg":"Successfully executed command \"sh -c mkdir -p /workspace/source\"; output "}

Showing logs for build [32mcb-kubecd-environment-pr-193-33-k2z62-1[0m stage [32mfrom-build-pack[0m and container [32mstep-place-tools[0m

Showing logs for build [32mcb-kubecd-environment-pr-193-33-k2z62-1[0m stage [32mfrom-build-pack[0m and container [32mstep-git-source-cb-kubecd-environment-pr-193-33-k2z62-xw9hh[0m
{"level":"warn","ts":1585896327.1298163,"logger":"fallback-logger","caller":"logging/config.go:69","msg":"Fetch GitHub commit ID from kodata failed: \"ref: refs/heads/0.8.0-**-support-backwards-incompats\" is not a valid GitHub commit ID"}
{"level":"info","ts":1585896328.1673324,"logger":"fallback-logger","caller":"git/git.go:103","msg":"Successfully cloned https://github.com/cb-kubecd/environment-pr-193-33-boot-gke-staging.git @ master in path /workspace/source"}

Showing logs for build [32mcb-kubecd-environment-pr-193-33-k2z62-1[0m stage [32mfrom-build-pack[0m and container [32mstep-git-merge[0m
Using SHAs from PULL_REFS=master:4f81abb2db9f593d8088f1c6e5cf56d738d12a00,2:77d07a221f8cd14eb1a91e1d91e8116c0e7aa50b
DEBUG: LC_ALL=C JX_LOG_LEVEL=error git fetch origin --unshallow 77d07a221f8cd14eb1a91e1d91e8116c0e7aa50b: 4f81abb2db9f593d8088f1c6e5cf56d738d12a00:
DEBUG: ran git fetch --unshallow origin 77d07a221f8cd14eb1a91e1d91e8116c0e7aa50b: 4f81abb2db9f593d8088f1c6e5cf56d738d12a00: in 
DEBUG: LC_ALL=C JX_LOG_LEVEL=error git branch
DEBUG: LC_ALL=C JX_LOG_LEVEL=error git checkout master
DEBUG: ran git checkout master in 
DEBUG: LC_ALL=C JX_LOG_LEVEL=error git reset --hard 4f81abb2db9f593d8088f1c6e5cf56d738d12a00
DEBUG: ran git reset --hard 4f81abb2db9f593d8088f1c6e5cf56d738d12a00 in 
DEBUG: LC_ALL=C JX_LOG_LEVEL=error git clean -fd .
DEBUG: ran clean --force -d . in 
DEBUG: LC_ALL=C JX_LOG_LEVEL=error git merge 77d07a221f8cd14eb1a91e1d91e8116c0e7aa50b
DEBUG: ran git merge 77d07a221f8cd14eb1a91e1d91e8116c0e7aa50b in 
DEBUG: LC_ALL=C JX_LOG_LEVEL=error git log --format=%H%x1f%an%x1f%ae%x1f%cn%x1f%ce%x1f%s%n%b%x1e 4f81abb2db9f593d8088f1c6e5cf56d738d12a00..HEAD
Merged SHA 77d07a221f8cd14eb1a91e1d91e8116c0e7aa50b with commit message 'chore: Promote bdd-nh-1585896024 to version 0.0.1' into base branch master

Showing logs for build [32mcb-kubecd-environment-pr-193-33-k2z62-1[0m stage [32mfrom-build-pack[0m and container [32mstep-build-helm-build[0m
WARNING: No $CHART_REPOSITORY defined so using the default value of: http://jenkins-x-chartmuseum:8080
Adding missing Helm repo: storage.googleapis.com https://storage.googleapis.com/chartmuseum.jenkins-x.io
WARNING: No secrets found on "helm/repos" due: reading the secret "helm/repos" from vault: no secret "helm/repos" not found in vault
Read credentials for https://storage.googleapis.com/chartmuseum.jenkins-x.io from vault helm/repos
Successfully added Helm repository storage.googleapis.com.
Adding missing Helm repo: jenkins-x-chartmuseum http://jenkins-x-chartmuseum:8080
WARNING: No secrets found on "helm/repos" due: reading the secret "helm/repos" from vault: no secret "helm/repos" not found in vault
Read credentials for http://jenkins-x-chartmuseum:8080 from vault helm/repos
Successfully added Helm repository jenkins-x-chartmuseum.
WARNING: No $CHART_REPOSITORY defined so using the default value of: http://jenkins-x-chartmuseum:8080
Adding missing Helm repo: chartmuseum.jenkins-x.io http://chartmuseum.jenkins-x.io
WARNING: No secrets found on "helm/repos" due: reading the secret "helm/repos" from vault: no secret "helm/repos" not found in vault
Read credentials for http://chartmuseum.jenkins-x.io from vault helm/repos
Successfully added Helm repository chartmuseum.jenkins-x.io.
