
Showing logs for build [32mcb-kubecd-environment-pr-193-33-9vq5j-1[0m stage [32mfrom-build-pack[0m and container [32mstep-credential-initializer-6xh4d[0m
{"level":"warn","ts":1585896995.7840087,"logger":"fallback-logger","caller":"logging/config.go:69","msg":"Fetch GitHub commit ID from kodata failed: \"ref: refs/heads/0.8.0-**-support-backwards-incompats\" is not a valid GitHub commit ID"}
{"level":"info","ts":1585896995.784555,"logger":"fallback-logger","caller":"creds-init/main.go:40","msg":"Credentials initialized."}

Showing logs for build [32mcb-kubecd-environment-pr-193-33-9vq5j-1[0m stage [32mfrom-build-pack[0m and container [32mstep-working-dir-initializer-4dxq6[0m
{"level":"warn","ts":1585896997.103828,"logger":"fallback-logger","caller":"logging/config.go:69","msg":"Fetch GitHub commit ID from kodata failed: open /var/run/ko/HEAD: no such file or directory"}
{"level":"info","ts":1585896997.1059692,"logger":"fallback-logger","caller":"bash/main.go:64","msg":"Successfully executed command \"sh -c mkdir -p /workspace/source\"; output "}

Showing logs for build [32mcb-kubecd-environment-pr-193-33-9vq5j-1[0m stage [32mfrom-build-pack[0m and container [32mstep-place-tools[0m

Showing logs for build [32mcb-kubecd-environment-pr-193-33-9vq5j-1[0m stage [32mfrom-build-pack[0m and container [32mstep-git-source-cb-kubecd-environment-pr-193-33-9vq5j-zbc9j[0m
{"level":"warn","ts":1585897001.24583,"logger":"fallback-logger","caller":"logging/config.go:69","msg":"Fetch GitHub commit ID from kodata failed: \"ref: refs/heads/0.8.0-**-support-backwards-incompats\" is not a valid GitHub commit ID"}
{"level":"info","ts":1585897002.3379505,"logger":"fallback-logger","caller":"git/git.go:103","msg":"Successfully cloned https://github.com/cb-kubecd/environment-pr-193-33-boot-gke-staging.git @ master in path /workspace/source"}

Showing logs for build [32mcb-kubecd-environment-pr-193-33-9vq5j-1[0m stage [32mfrom-build-pack[0m and container [32mstep-git-merge[0m
Using SHAs from PULL_REFS=master:4cf3692b8c8a5f903c4d3ebdc3375cfde7662ea8,3:bdca9a5f6a9843a164b609b19ec23e2a60902f21
DEBUG: LC_ALL=C JX_LOG_LEVEL=error git fetch origin --unshallow bdca9a5f6a9843a164b609b19ec23e2a60902f21: 4cf3692b8c8a5f903c4d3ebdc3375cfde7662ea8:
DEBUG: ran git fetch --unshallow origin bdca9a5f6a9843a164b609b19ec23e2a60902f21: 4cf3692b8c8a5f903c4d3ebdc3375cfde7662ea8: in 
DEBUG: LC_ALL=C JX_LOG_LEVEL=error git branch
DEBUG: LC_ALL=C JX_LOG_LEVEL=error git checkout master
DEBUG: ran git checkout master in 
DEBUG: LC_ALL=C JX_LOG_LEVEL=error git reset --hard 4cf3692b8c8a5f903c4d3ebdc3375cfde7662ea8
DEBUG: ran git reset --hard 4cf3692b8c8a5f903c4d3ebdc3375cfde7662ea8 in 
DEBUG: LC_ALL=C JX_LOG_LEVEL=error git clean -fd .
DEBUG: ran clean --force -d . in 
DEBUG: LC_ALL=C JX_LOG_LEVEL=error git merge bdca9a5f6a9843a164b609b19ec23e2a60902f21
DEBUG: ran git merge bdca9a5f6a9843a164b609b19ec23e2a60902f21 in 
DEBUG: LC_ALL=C JX_LOG_LEVEL=error git log --format=%H%x1f%an%x1f%ae%x1f%cn%x1f%ce%x1f%s%n%b%x1e 4cf3692b8c8a5f903c4d3ebdc3375cfde7662ea8..HEAD
Merged SHA bdca9a5f6a9843a164b609b19ec23e2a60902f21 with commit message 'chore: Promote bdd-sbhg-1585896024 to version 0.0.1' into base branch master

Showing logs for build [32mcb-kubecd-environment-pr-193-33-9vq5j-1[0m stage [32mfrom-build-pack[0m and container [32mstep-build-helm-build[0m
WARNING: No $CHART_REPOSITORY defined so using the default value of: http://jenkins-x-chartmuseum:8080
Adding missing Helm repo: storage.googleapis.com https://storage.googleapis.com/chartmuseum.jenkins-x.io
WARNING: No secrets found on "helm/repos" due: reading the secret "helm/repos" from vault: no secret "helm/repos" not found in vault
Read credentials for https://storage.googleapis.com/chartmuseum.jenkins-x.io from vault helm/repos
Successfully added Helm repository storage.googleapis.com.
Adding missing Helm repo: jenkins-x-chartmuseum http://jenkins-x-chartmuseum:8080
WARNING: No secrets found on "helm/repos" due: reading the secret "helm/repos" from vault: no secret "helm/repos" not found in vault
Read credentials for http://jenkins-x-chartmuseum:8080 from vault helm/repos
Successfully added Helm repository jenkins-x-chartmuseum.
WARNING: No $CHART_REPOSITORY defined so using the default value of: http://jenkins-x-chartmuseum:8080
Adding missing Helm repo: chartmuseum.jenkins-x.io http://chartmuseum.jenkins-x.io
WARNING: No secrets found on "helm/repos" due: reading the secret "helm/repos" from vault: no secret "helm/repos" not found in vault
Read credentials for http://chartmuseum.jenkins-x.io from vault helm/repos
Successfully added Helm repository chartmuseum.jenkins-x.io.
